{
"/Users/jdianes/Documents/workspace/tsi-cloud-portal-app/src/app/app.ts":{"path":"/Users/jdianes/Documents/workspace/tsi-cloud-portal-app/src/app/app.ts","s":{"1":1,"2":1,"3":1,"4":1,"5":1,"6":1,"7":1,"8":1,"9":1,"10":1,"11":1,"12":1,"13":1,"14":1,"15":1,"16":1,"17":1,"18":1,"19":1,"20":1,"21":1,"22":1},"b":{},"f":{"1":1,"2":1},"fnMap":{"1":{"name":"(anonymous_1)","line":14,"loc":{"start":{"line":14,"column":11},"end":{"line":14,"column":23}}},"2":{"name":"App","line":15,"loc":{"start":{"line":15,"column":4},"end":{"line":15,"column":23}}}},"statementMap":{"1":{"start":{"line":1,"column":0},"end":{"line":1,"column":38}},"2":{"start":{"line":2,"column":0},"end":{"line":2,"column":42}},"3":{"start":{"line":3,"column":0},"end":{"line":3,"column":42}},"4":{"start":{"line":4,"column":0},"end":{"line":4,"column":66}},"5":{"start":{"line":5,"column":0},"end":{"line":5,"column":60}},"6":{"start":{"line":6,"column":0},"end":{"line":6,"column":36}},"7":{"start":{"line":7,"column":0},"end":{"line":7,"column":39}},"8":{"start":{"line":8,"column":0},"end":{"line":8,"column":54}},"9":{"start":{"line":9,"column":0},"end":{"line":9,"column":57}},"10":{"start":{"line":10,"column":0},"end":{"line":10,"column":39}},"11":{"start":{"line":11,"column":0},"end":{"line":11,"column":41}},"12":{"start":{"line":12,"column":0},"end":{"line":12,"column":45}},"13":{"start":{"line":13,"column":0},"end":{"line":13,"column":75}},"14":{"start":{"line":14,"column":0},"end":{"line":43,"column":5}},"15":{"start":{"line":15,"column":4},"end":{"line":20,"column":5}},"16":{"start":{"line":16,"column":8},"end":{"line":16,"column":25}},"17":{"start":{"line":17,"column":8},"end":{"line":17,"column":58}},"18":{"start":{"line":18,"column":8},"end":{"line":18,"column":39}},"19":{"start":{"line":19,"column":8},"end":{"line":19,"column":53}},"20":{"start":{"line":21,"column":4},"end":{"line":41,"column":12}},"21":{"start":{"line":42,"column":4},"end":{"line":42,"column":15}},"22":{"start":{"line":44,"column":0},"end":{"line":44,"column":18}}},"branchMap":{},"code":["var core_1 = require('angular2/core');","var router_1 = require('angular2/router');","var common_1 = require('angular2/common');","var logged_in_outlet_1 = require('./directives/logged-in-outlet');","var router_active_1 = require('./directives/router-active');","var home_1 = require('./home/home');","var about_1 = require('./about/about');","var repository_1 = require('./repository/repository');","var deployments_1 = require('./deployments/deployments');","var login_1 = require('./login/login');","var logout_1 = require('./login/logout');","var profile_1 = require('./profile/profile');","var authentication_1 = require('./services/authentication/authentication');","var App = (function () {","    function App(auth) {","        this.auth = auth;","        this.emblebiLogo = 'assets/img/embl-ebi-logo.png';","        this.name = 'TSI Cloud Portal';","        this.url = 'https://github.com/EMBL-EBI-TSI';","    }","    App = __decorate([","        core_1.Component({","            selector: 'app',","            providers: common_1.FORM_PROVIDERS.concat([authentication_1.Authentication]),","            directives: router_1.ROUTER_DIRECTIVES.concat([router_active_1.RouterActive, logged_in_outlet_1.LoggedInRouterOutlet]),","            pipes: [],","            template: require('./app.html')","        }),","        router_1.RouteConfig([","            { path: '/', component: home_1.Home, name: 'Index' },","            { path: '/home', component: home_1.Home, name: 'Home' },","            { path: '/repository', component: repository_1.Repository, name: 'Repository' },","            { path: '/deployments', component: deployments_1.Deployments, name: 'Deployments' },","            { path: '/about', component: about_1.About, name: 'About' },","            { path: '/login', component: login_1.Login, name: 'Login' },","            { path: '/logout', component: logout_1.Logout, name: 'Logout' },","            { path: '/profile', component: profile_1.Profile, name: 'Profile' },","            { path: '/**', redirectTo: ['Index'] }","        ]), ","        __metadata('design:paramtypes', [authentication_1.Authentication])","    ], App);","    return App;","})();","exports.App = App;",""],"l":{"1":1,"2":1,"3":1,"4":1,"5":1,"6":1,"7":1,"8":1,"9":1,"10":1,"11":1,"12":1,"13":1,"14":1,"15":1,"16":1,"17":1,"18":1,"19":1,"21":1,"42":1,"44":1}},
"/Users/jdianes/Documents/workspace/tsi-cloud-portal-app/src/app/directives/logged-in-outlet.ts":{"path":"/Users/jdianes/Documents/workspace/tsi-cloud-portal-app/src/app/directives/logged-in-outlet.ts","s":{"1":1,"2":1,"3":1,"4":1,"5":1,"6":1,"7":0,"8":0,"9":0,"10":1,"11":0,"12":0,"13":0,"14":0,"15":0,"16":0,"17":0,"18":0,"19":0,"20":1,"21":1,"22":1},"b":{"1":[0,0],"2":[0,0],"3":[0,0]},"f":{"1":1,"2":0,"3":0},"fnMap":{"1":{"name":"(anonymous_1)","line":4,"loc":{"start":{"line":4,"column":28},"end":{"line":4,"column":46}}},"2":{"name":"LoggedInRouterOutlet","line":6,"loc":{"start":{"line":6,"column":4},"end":{"line":6,"column":81}}},"3":{"name":"(anonymous_3)","line":19,"loc":{"start":{"line":19,"column":46},"end":{"line":19,"column":69}}}},"statementMap":{"1":{"start":{"line":1,"column":0},"end":{"line":1,"column":38}},"2":{"start":{"line":2,"column":0},"end":{"line":2,"column":42}},"3":{"start":{"line":3,"column":0},"end":{"line":3,"column":40}},"4":{"start":{"line":4,"column":0},"end":{"line":40,"column":26}},"5":{"start":{"line":5,"column":4},"end":{"line":5,"column":44}},"6":{"start":{"line":6,"column":4},"end":{"line":18,"column":5}},"7":{"start":{"line":7,"column":8},"end":{"line":7,"column":73}},"8":{"start":{"line":8,"column":8},"end":{"line":8,"column":42}},"9":{"start":{"line":9,"column":8},"end":{"line":17,"column":10}},"10":{"start":{"line":19,"column":4},"end":{"line":31,"column":6}},"11":{"start":{"line":20,"column":8},"end":{"line":20,"column":38}},"12":{"start":{"line":21,"column":8},"end":{"line":21,"column":37}},"13":{"start":{"line":22,"column":8},"end":{"line":22,"column":71}},"14":{"start":{"line":23,"column":8},"end":{"line":29,"column":9}},"15":{"start":{"line":24,"column":12},"end":{"line":28,"column":13}},"16":{"start":{"line":25,"column":16},"end":{"line":25,"column":71}},"17":{"start":{"line":26,"column":16},"end":{"line":26,"column":46}},"18":{"start":{"line":27,"column":16},"end":{"line":27,"column":58}},"19":{"start":{"line":30,"column":8},"end":{"line":30,"column":65}},"20":{"start":{"line":32,"column":4},"end":{"line":38,"column":29}},"21":{"start":{"line":39,"column":4},"end":{"line":39,"column":32}},"22":{"start":{"line":41,"column":0},"end":{"line":41,"column":52}}},"branchMap":{"1":{"line":23,"type":"if","locations":[{"start":{"line":23,"column":8},"end":{"line":23,"column":8}},{"start":{"line":23,"column":8},"end":{"line":23,"column":8}}]},"2":{"line":24,"type":"if","locations":[{"start":{"line":24,"column":12},"end":{"line":24,"column":12}},{"start":{"line":24,"column":12},"end":{"line":24,"column":12}}]},"3":{"line":24,"type":"binary-expr","locations":[{"start":{"line":24,"column":16},"end":{"line":24,"column":39}},{"start":{"line":24,"column":43},"end":{"line":24,"column":76}}]}},"code":["var core_1 = require('angular2/core');","var router_1 = require('angular2/router');","var login_1 = require('../login/login');","var LoggedInRouterOutlet = (function (_super) {","    __extends(LoggedInRouterOutlet, _super);","    function LoggedInRouterOutlet(_elementRef, _loader, _parentRouter, nameAttr) {","        _super.call(this, _elementRef, _loader, _parentRouter, nameAttr);","        this.parentRouter = _parentRouter;","        this.publicRoutes = {","            'login': true,","            'logout': false,","            'deployments': false,","            'repository': false,","            'home': false,","            'about': true,","            'profile': true","        };","    }","    LoggedInRouterOutlet.prototype.activate = function (instruction) {","        var url = instruction.urlPath;","        console.log('Url is ' + url);","        console.log('Username is ' + localStorage.getItem('username'));","        if (url) {","            if (!this.publicRoutes[url] && !localStorage.getItem('username')) {","                console.log('Trying to redirect to login from ' + url);","                instruction.urlPath = 'login';","                instruction.componentType = login_1.Login;","            }","        }","        return _super.prototype.activate.call(this, instruction);","    };","    LoggedInRouterOutlet = __decorate([","        core_1.Directive({","            selector: 'loggedin-router-outlet'","        }),","        __param(3, core_1.Attribute('name')), ","        __metadata('design:paramtypes', [core_1.ElementRef, core_1.DynamicComponentLoader, router_1.Router, String])","    ], LoggedInRouterOutlet);","    return LoggedInRouterOutlet;","})(router_1.RouterOutlet);","exports.LoggedInRouterOutlet = LoggedInRouterOutlet;",""],"l":{"1":1,"2":1,"3":1,"4":1,"5":1,"6":1,"7":0,"8":0,"9":0,"19":1,"20":0,"21":0,"22":0,"23":0,"24":0,"25":0,"26":0,"27":0,"30":0,"32":1,"39":1,"41":1}},
"/Users/jdianes/Documents/workspace/tsi-cloud-portal-app/src/app/login/login.ts":{"path":"/Users/jdianes/Documents/workspace/tsi-cloud-portal-app/src/app/login/login.ts","s":{"1":1,"2":1,"3":1,"4":1,"5":1,"6":1,"7":0,"8":0,"9":0,"10":1,"11":0,"12":0,"13":0,"14":0,"15":0,"16":0,"17":0,"18":0,"19":0,"20":0,"21":1,"22":0,"23":1,"24":1,"25":1},"b":{},"f":{"1":1,"2":0,"3":0,"4":0,"5":0,"6":0,"7":0},"fnMap":{"1":{"name":"(anonymous_1)","line":5,"loc":{"start":{"line":5,"column":13},"end":{"line":5,"column":25}}},"2":{"name":"Login","line":6,"loc":{"start":{"line":6,"column":4},"end":{"line":6,"column":49}}},"3":{"name":"(anonymous_3)","line":11,"loc":{"start":{"line":11,"column":28},"end":{"line":11,"column":65}}},"4":{"name":"(anonymous_4)","line":16,"loc":{"start":{"line":16,"column":23},"end":{"line":16,"column":39}}},"5":{"name":"(anonymous_5)","line":19,"loc":{"start":{"line":19,"column":11},"end":{"line":19,"column":26}}},"6":{"name":"(anonymous_6)","line":23,"loc":{"start":{"line":23,"column":11},"end":{"line":23,"column":23}}},"7":{"name":"(anonymous_7)","line":27,"loc":{"start":{"line":27,"column":31},"end":{"line":27,"column":43}}}},"statementMap":{"1":{"start":{"line":1,"column":0},"end":{"line":1,"column":38}},"2":{"start":{"line":2,"column":0},"end":{"line":2,"column":42}},"3":{"start":{"line":3,"column":0},"end":{"line":3,"column":55}},"4":{"start":{"line":4,"column":0},"end":{"line":4,"column":67}},"5":{"start":{"line":5,"column":0},"end":{"line":43,"column":5}},"6":{"start":{"line":6,"column":4},"end":{"line":10,"column":5}},"7":{"start":{"line":7,"column":8},"end":{"line":7,"column":29}},"8":{"start":{"line":8,"column":8},"end":{"line":8,"column":31}},"9":{"start":{"line":9,"column":8},"end":{"line":9,"column":39}},"10":{"start":{"line":11,"column":4},"end":{"line":26,"column":6}},"11":{"start":{"line":12,"column":8},"end":{"line":12,"column":25}},"12":{"start":{"line":13,"column":8},"end":{"line":13,"column":31}},"13":{"start":{"line":14,"column":8},"end":{"line":14,"column":60}},"14":{"start":{"line":15,"column":8},"end":{"line":25,"column":11}},"15":{"start":{"line":17,"column":12},"end":{"line":17,"column":49}},"16":{"start":{"line":18,"column":12},"end":{"line":18,"column":55}},"17":{"start":{"line":20,"column":12},"end":{"line":20,"column":29}},"18":{"start":{"line":21,"column":12},"end":{"line":21,"column":49}},"19":{"start":{"line":22,"column":12},"end":{"line":22,"column":56}},"20":{"start":{"line":24,"column":12},"end":{"line":24,"column":51}},"21":{"start":{"line":27,"column":4},"end":{"line":29,"column":6}},"22":{"start":{"line":28,"column":8},"end":{"line":28,"column":47}},"23":{"start":{"line":30,"column":4},"end":{"line":41,"column":14}},"24":{"start":{"line":42,"column":4},"end":{"line":42,"column":17}},"25":{"start":{"line":44,"column":0},"end":{"line":44,"column":22}}},"branchMap":{},"code":["var core_1 = require('angular2/core');","var router_1 = require('angular2/router');","var account_1 = require('../services/account/account');","var credentials_1 = require('../services/credentials/credentials');","var Login = (function () {","    function Login(router, account, credentials) {","        this.router = router;","        this.account = account;","        this.credentials = credentials;","    }","    Login.prototype.login = function (event, username, password) {","        var _this = this;","        event.preventDefault();","        this.credentials.setCredentials(username, password);","        this.account.getAccount(this.credentials)","            .subscribe(function (data) {","            console.log('User data is %O', data);","            _this.router.parent.navigateByUrl('/home');","        }, function (err) {","            console.log(err);","            _this.credentials.clearCredentials();","            _this.router.parent.navigateByUrl('/login');","        }, function () {","            console.log('Authentication Complete');","        });","    };","    Login.prototype.ngOnInit = function () {","        console.log('hello *Login* component');","    };","    Login = __decorate([","        core_1.Component({","            selector: 'login',","            providers: [","                account_1.Account,","                credentials_1.Credentials","            ],","            styles: [require('./login.css')],","            template: require('./login.html')","        }), ","        __metadata('design:paramtypes', [router_1.Router, account_1.Account, credentials_1.Credentials])","    ], Login);","    return Login;","})();","exports.Login = Login;",""],"l":{"1":1,"2":1,"3":1,"4":1,"5":1,"6":1,"7":0,"8":0,"9":0,"11":1,"12":0,"13":0,"14":0,"15":0,"17":0,"18":0,"20":0,"21":0,"22":0,"24":0,"27":1,"28":0,"30":1,"42":1,"44":1}},
"/Users/jdianes/Documents/workspace/tsi-cloud-portal-app/src/app/services/account/account.ts":{"path":"/Users/jdianes/Documents/workspace/tsi-cloud-portal-app/src/app/services/account/account.ts","s":{"1":1,"2":1,"3":1,"4":1,"5":1,"6":0,"7":0,"8":0,"9":1,"10":0,"11":0,"12":0,"13":0,"14":0,"15":0,"16":1,"17":1,"18":1},"b":{},"f":{"1":1,"2":0,"3":0,"4":0},"fnMap":{"1":{"name":"(anonymous_1)","line":4,"loc":{"start":{"line":4,"column":15},"end":{"line":4,"column":27}}},"2":{"name":"Account","line":5,"loc":{"start":{"line":5,"column":4},"end":{"line":5,"column":35}}},"3":{"name":"(anonymous_3)","line":10,"loc":{"start":{"line":10,"column":35},"end":{"line":10,"column":58}}},"4":{"name":"(anonymous_4)","line":18,"loc":{"start":{"line":18,"column":17},"end":{"line":18,"column":32}}}},"statementMap":{"1":{"start":{"line":1,"column":0},"end":{"line":1,"column":38}},"2":{"start":{"line":2,"column":0},"end":{"line":2,"column":38}},"3":{"start":{"line":3,"column":0},"end":{"line":3,"column":42}},"4":{"start":{"line":4,"column":0},"end":{"line":25,"column":5}},"5":{"start":{"line":5,"column":4},"end":{"line":9,"column":5}},"6":{"start":{"line":6,"column":8},"end":{"line":6,"column":29}},"7":{"start":{"line":7,"column":8},"end":{"line":7,"column":25}},"8":{"start":{"line":8,"column":8},"end":{"line":8,"column":32}},"9":{"start":{"line":10,"column":4},"end":{"line":19,"column":6}},"10":{"start":{"line":11,"column":8},"end":{"line":11,"column":43}},"11":{"start":{"line":12,"column":8},"end":{"line":12,"column":118}},"12":{"start":{"line":13,"column":8},"end":{"line":13,"column":53}},"13":{"start":{"line":14,"column":8},"end":{"line":14,"column":59}},"14":{"start":{"line":15,"column":8},"end":{"line":18,"column":56}},"15":{"start":{"line":18,"column":34},"end":{"line":18,"column":52}},"16":{"start":{"line":20,"column":4},"end":{"line":23,"column":16}},"17":{"start":{"line":24,"column":4},"end":{"line":24,"column":19}},"18":{"start":{"line":26,"column":0},"end":{"line":26,"column":26}}},"branchMap":{},"code":["var core_1 = require('angular2/core');","var http_1 = require('angular2/http');","var router_1 = require('angular2/router');","var Account = (function () {","    function Account(router, http) {","        this.router = router;","        this.http = http;","        this.credentials = null;","    }","    Account.prototype.getAccount = function (credentials) {","        var headers = new http_1.Headers();","        headers.append('Authorization', 'Basic ' + btoa(credentials.getUsername() + ':' + credentials.getPassword()));","        headers.append('Accept', 'application/json');","        headers.append('Content-Type', 'application/json');","        return this.http.get('http://localhost:8080/account/' + credentials.getUsername(), {","            headers: headers","        })","            .map(function (res) { return res.json(); });","    };","    Account = __decorate([","        core_1.Injectable(), ","        __metadata('design:paramtypes', [router_1.Router, http_1.Http])","    ], Account);","    return Account;","})();","exports.Account = Account;",""],"l":{"1":1,"2":1,"3":1,"4":1,"5":1,"6":0,"7":0,"8":0,"10":1,"11":0,"12":0,"13":0,"14":0,"15":0,"18":0,"20":1,"24":1,"26":1}},
"/Users/jdianes/Documents/workspace/tsi-cloud-portal-app/src/app/services/credentials/credentials.ts":{"path":"/Users/jdianes/Documents/workspace/tsi-cloud-portal-app/src/app/services/credentials/credentials.ts","s":{"1":1,"2":1,"3":1,"4":1,"5":0,"6":1,"7":0,"8":1,"9":0,"10":0,"11":0,"12":1,"13":0,"14":0,"15":1,"16":1,"17":1},"b":{},"f":{"1":1,"2":0,"3":0,"4":0,"5":0,"6":0},"fnMap":{"1":{"name":"(anonymous_1)","line":2,"loc":{"start":{"line":2,"column":19},"end":{"line":2,"column":31}}},"2":{"name":"Credentials","line":3,"loc":{"start":{"line":3,"column":4},"end":{"line":3,"column":27}}},"3":{"name":"(anonymous_3)","line":5,"loc":{"start":{"line":5,"column":40},"end":{"line":5,"column":52}}},"4":{"name":"(anonymous_4)","line":8,"loc":{"start":{"line":8,"column":40},"end":{"line":8,"column":52}}},"5":{"name":"(anonymous_5)","line":11,"loc":{"start":{"line":11,"column":43},"end":{"line":11,"column":73}}},"6":{"name":"(anonymous_6)","line":16,"loc":{"start":{"line":16,"column":45},"end":{"line":16,"column":57}}}},"statementMap":{"1":{"start":{"line":1,"column":0},"end":{"line":1,"column":38}},"2":{"start":{"line":2,"column":0},"end":{"line":25,"column":5}},"3":{"start":{"line":3,"column":4},"end":{"line":4,"column":5}},"4":{"start":{"line":5,"column":4},"end":{"line":7,"column":6}},"5":{"start":{"line":6,"column":8},"end":{"line":6,"column":48}},"6":{"start":{"line":8,"column":4},"end":{"line":10,"column":6}},"7":{"start":{"line":9,"column":8},"end":{"line":9,"column":48}},"8":{"start":{"line":11,"column":4},"end":{"line":15,"column":6}},"9":{"start":{"line":12,"column":8},"end":{"line":12,"column":47}},"10":{"start":{"line":13,"column":8},"end":{"line":13,"column":51}},"11":{"start":{"line":14,"column":8},"end":{"line":14,"column":51}},"12":{"start":{"line":16,"column":4},"end":{"line":19,"column":6}},"13":{"start":{"line":17,"column":8},"end":{"line":17,"column":44}},"14":{"start":{"line":18,"column":8},"end":{"line":18,"column":44}},"15":{"start":{"line":20,"column":4},"end":{"line":23,"column":20}},"16":{"start":{"line":24,"column":4},"end":{"line":24,"column":23}},"17":{"start":{"line":26,"column":0},"end":{"line":26,"column":34}}},"branchMap":{},"code":["var core_1 = require('angular2/core');","var Credentials = (function () {","    function Credentials() {","    }","    Credentials.prototype.getUsername = function () {","        return localStorage.getItem('username');","    };","    Credentials.prototype.getPassword = function () {","        return localStorage.getItem('password');","    };","    Credentials.prototype.setCredentials = function (username, password) {","        console.log('Username is ' + username);","        localStorage.setItem('username', username);","        localStorage.setItem('password', password);","    };","    Credentials.prototype.clearCredentials = function () {","        localStorage.removeItem('username');","        localStorage.removeItem('password');","    };","    Credentials = __decorate([","        core_1.Injectable(), ","        __metadata('design:paramtypes', [])","    ], Credentials);","    return Credentials;","})();","exports.Credentials = Credentials;",""],"l":{"1":1,"2":1,"3":1,"5":1,"6":0,"8":1,"9":0,"11":1,"12":0,"13":0,"14":0,"16":1,"17":0,"18":0,"20":1,"24":1,"26":1}},
"/Users/jdianes/Documents/workspace/tsi-cloud-portal-app/src/app/directives/router-active.ts":{"path":"/Users/jdianes/Documents/workspace/tsi-cloud-portal-app/src/app/directives/router-active.ts","s":{"1":1,"2":1,"3":1,"4":1,"5":1,"6":1,"7":0,"8":0,"9":0,"10":0,"11":0,"12":0,"13":0,"14":1,"15":0,"16":0,"17":0,"18":0,"19":0,"20":1,"21":0,"22":1,"23":0,"24":1,"25":1,"26":1},"b":{"1":[0,0],"2":[0,0],"3":[0,0]},"f":{"1":1,"2":0,"3":0,"4":0,"5":0,"6":0},"fnMap":{"1":{"name":"(anonymous_1)","line":5,"loc":{"start":{"line":5,"column":20},"end":{"line":5,"column":32}}},"2":{"name":"RouterActive","line":6,"loc":{"start":{"line":6,"column":4},"end":{"line":6,"column":83}}},"3":{"name":"(anonymous_3)","line":15,"loc":{"start":{"line":15,"column":38},"end":{"line":15,"column":50}}},"4":{"name":"(anonymous_4)","line":17,"loc":{"start":{"line":17,"column":30},"end":{"line":17,"column":42}}},"5":{"name":"(anonymous_5)","line":24,"loc":{"start":{"line":24,"column":47},"end":{"line":24,"column":63}}},"6":{"name":"(anonymous_6)","line":27,"loc":{"start":{"line":27,"column":41},"end":{"line":27,"column":53}}}},"statementMap":{"1":{"start":{"line":1,"column":0},"end":{"line":1,"column":42}},"2":{"start":{"line":2,"column":0},"end":{"line":2,"column":49}},"3":{"start":{"line":3,"column":0},"end":{"line":3,"column":38}},"4":{"start":{"line":4,"column":0},"end":{"line":4,"column":42}},"5":{"start":{"line":5,"column":0},"end":{"line":41,"column":5}},"6":{"start":{"line":6,"column":4},"end":{"line":14,"column":5}},"7":{"start":{"line":7,"column":8},"end":{"line":7,"column":29}},"8":{"start":{"line":8,"column":8},"end":{"line":8,"column":31}},"9":{"start":{"line":9,"column":8},"end":{"line":9,"column":33}},"10":{"start":{"line":10,"column":8},"end":{"line":10,"column":37}},"11":{"start":{"line":11,"column":8},"end":{"line":11,"column":33}},"12":{"start":{"line":12,"column":8},"end":{"line":12,"column":41}},"13":{"start":{"line":13,"column":8},"end":{"line":13,"column":73}},"14":{"start":{"line":15,"column":4},"end":{"line":23,"column":6}},"15":{"start":{"line":16,"column":8},"end":{"line":16,"column":25}},"16":{"start":{"line":17,"column":8},"end":{"line":22,"column":11}},"17":{"start":{"line":18,"column":12},"end":{"line":21,"column":13}},"18":{"start":{"line":19,"column":16},"end":{"line":19,"column":66}},"19":{"start":{"line":20,"column":16},"end":{"line":20,"column":105}},"20":{"start":{"line":24,"column":4},"end":{"line":26,"column":6}},"21":{"start":{"line":25,"column":8},"end":{"line":25,"column":69}},"22":{"start":{"line":27,"column":4},"end":{"line":29,"column":6}},"23":{"start":{"line":28,"column":8},"end":{"line":28,"column":95}},"24":{"start":{"line":30,"column":4},"end":{"line":39,"column":21}},"25":{"start":{"line":40,"column":4},"end":{"line":40,"column":24}},"26":{"start":{"line":42,"column":0},"end":{"line":42,"column":36}}},"branchMap":{"1":{"line":18,"type":"if","locations":[{"start":{"line":18,"column":12},"end":{"line":18,"column":12}},{"start":{"line":18,"column":12},"end":{"line":18,"column":12}}]},"2":{"line":25,"type":"binary-expr","locations":[{"start":{"line":25,"column":39},"end":{"line":25,"column":43}},{"start":{"line":25,"column":47},"end":{"line":25,"column":68}}]},"3":{"line":28,"type":"cond-expr","locations":[{"start":{"line":28,"column":53},"end":{"line":28,"column":70}},{"start":{"line":28,"column":73},"end":{"line":28,"column":94}}]}},"code":["var router_1 = require('angular2/router');","var lang_1 = require('angular2/src/facade/lang');","var core_1 = require('angular2/core');","var router_2 = require('angular2/router');","var RouterActive = (function () {","    function RouterActive(router, element, renderer, routerLink, routerActiveAttr) {","        this.router = router;","        this.element = element;","        this.renderer = renderer;","        this.routerLink = routerLink;","        this.routerActive = null;","        this.routerActiveAttr = 'active';","        this.routerActiveAttr = this._defaultAttrValue(routerActiveAttr);","    }","    RouterActive.prototype.ngOnInit = function () {","        var _this = this;","        this.router.subscribe(function () {","            if (_this.routerLink.first) {","                var active = _this.routerLink.first.isRouteActive;","                _this.renderer.setElementClass(_this.element.nativeElement, _this._attrOrProp(), active);","            }","        });","    };","    RouterActive.prototype._defaultAttrValue = function (attr) {","        return this.routerActiveAttr = attr || this.routerActiveAttr;","    };","    RouterActive.prototype._attrOrProp = function () {","        return lang_1.isPresent(this.routerActive) ? this.routerActive : this.routerActiveAttr;","    };","    RouterActive = __decorate([","        core_1.Directive({","            selector: '[router-active], [routerActive]',","            inputs: ['routerActive']","        }),","        __param(3, core_1.Query(router_2.RouterLink)),","        __param(4, core_1.Optional()),","        __param(4, core_1.Attribute('router-active')), ","        __metadata('design:paramtypes', [router_1.Router, core_1.ElementRef, core_1.Renderer, core_1.QueryList, String])","    ], RouterActive);","    return RouterActive;","})();","exports.RouterActive = RouterActive;",""],"l":{"1":1,"2":1,"3":1,"4":1,"5":1,"6":1,"7":0,"8":0,"9":0,"10":0,"11":0,"12":0,"13":0,"15":1,"16":0,"17":0,"18":0,"19":0,"20":0,"24":1,"25":0,"27":1,"28":0,"30":1,"40":1,"42":1}},
"/Users/jdianes/Documents/workspace/tsi-cloud-portal-app/src/app/home/home.ts":{"path":"/Users/jdianes/Documents/workspace/tsi-cloud-portal-app/src/app/home/home.ts","s":{"1":1,"2":1,"3":1,"4":1,"5":1,"6":1,"7":3,"8":3,"9":1,"10":1,"11":1,"12":1,"13":1},"b":{},"f":{"1":1,"2":3,"3":1},"fnMap":{"1":{"name":"(anonymous_1)","line":5,"loc":{"start":{"line":5,"column":12},"end":{"line":5,"column":24}}},"2":{"name":"Home","line":6,"loc":{"start":{"line":6,"column":4},"end":{"line":6,"column":25}}},"3":{"name":"(anonymous_3)","line":10,"loc":{"start":{"line":10,"column":30},"end":{"line":10,"column":42}}}},"statementMap":{"1":{"start":{"line":1,"column":0},"end":{"line":1,"column":38}},"2":{"start":{"line":2,"column":0},"end":{"line":2,"column":42}},"3":{"start":{"line":3,"column":0},"end":{"line":3,"column":42}},"4":{"start":{"line":4,"column":0},"end":{"line":4,"column":48}},"5":{"start":{"line":5,"column":0},"end":{"line":29,"column":5}},"6":{"start":{"line":6,"column":4},"end":{"line":9,"column":5}},"7":{"start":{"line":7,"column":8},"end":{"line":7,"column":27}},"8":{"start":{"line":8,"column":8},"end":{"line":8,"column":34}},"9":{"start":{"line":10,"column":4},"end":{"line":12,"column":6}},"10":{"start":{"line":11,"column":8},"end":{"line":11,"column":46}},"11":{"start":{"line":13,"column":4},"end":{"line":27,"column":13}},"12":{"start":{"line":28,"column":4},"end":{"line":28,"column":16}},"13":{"start":{"line":30,"column":0},"end":{"line":30,"column":20}}},"branchMap":{},"code":["var core_1 = require('angular2/core');","var common_1 = require('angular2/common');","var title_1 = require('./services/title');","var x_large_1 = require('./directives/x-large');","var Home = (function () {","    function Home(title) {","        this.title = title;","        this.data = { value: '' };","    }","    Home.prototype.ngOnInit = function () {","        console.log('hello `Home` component');","    };","    Home = __decorate([","        core_1.Component({","            selector: 'home',","            providers: [","                title_1.Title","            ],","            directives: common_1.FORM_DIRECTIVES.concat([","                x_large_1.XLarge","            ]),","            pipes: [],","            styles: [require('./home.css')],","            template: require('./home.html')","        }), ","        __metadata('design:paramtypes', [title_1.Title])","    ], Home);","    return Home;","})();","exports.Home = Home;",""],"l":{"1":1,"2":1,"3":1,"4":1,"5":1,"6":1,"7":3,"8":3,"10":1,"11":1,"13":1,"28":1,"30":1}},
"/Users/jdianes/Documents/workspace/tsi-cloud-portal-app/src/app/home/services/title.ts":{"path":"/Users/jdianes/Documents/workspace/tsi-cloud-portal-app/src/app/home/services/title.ts","s":{"1":1,"2":1,"3":1,"4":1,"5":5,"6":5,"7":1,"8":2,"9":2,"10":1,"11":1,"12":1},"b":{},"f":{"1":1,"2":5,"3":2},"fnMap":{"1":{"name":"(anonymous_1)","line":3,"loc":{"start":{"line":3,"column":13},"end":{"line":3,"column":25}}},"2":{"name":"Title","line":4,"loc":{"start":{"line":4,"column":4},"end":{"line":4,"column":25}}},"3":{"name":"(anonymous_3)","line":8,"loc":{"start":{"line":8,"column":30},"end":{"line":8,"column":42}}}},"statementMap":{"1":{"start":{"line":1,"column":0},"end":{"line":1,"column":38}},"2":{"start":{"line":2,"column":0},"end":{"line":2,"column":38}},"3":{"start":{"line":3,"column":0},"end":{"line":19,"column":5}},"4":{"start":{"line":4,"column":4},"end":{"line":7,"column":5}},"5":{"start":{"line":5,"column":8},"end":{"line":5,"column":25}},"6":{"start":{"line":6,"column":8},"end":{"line":6,"column":33}},"7":{"start":{"line":8,"column":4},"end":{"line":13,"column":6}},"8":{"start":{"line":9,"column":8},"end":{"line":9,"column":49}},"9":{"start":{"line":10,"column":8},"end":{"line":12,"column":10}},"10":{"start":{"line":14,"column":4},"end":{"line":17,"column":14}},"11":{"start":{"line":18,"column":4},"end":{"line":18,"column":17}},"12":{"start":{"line":20,"column":0},"end":{"line":20,"column":22}}},"branchMap":{},"code":["var core_1 = require('angular2/core');","var http_1 = require('angular2/http');","var Title = (function () {","    function Title(http) {","        this.http = http;","        this.value = 'Angular 2';","    }","    Title.prototype.getData = function () {","        console.log('Title#getData(): Get Data');","        return {","            value: 'AngularClass'","        };","    };","    Title = __decorate([","        core_1.Injectable(), ","        __metadata('design:paramtypes', [http_1.Http])","    ], Title);","    return Title;","})();","exports.Title = Title;",""],"l":{"1":1,"2":1,"3":1,"4":1,"5":5,"6":5,"8":1,"9":2,"10":2,"14":1,"18":1,"20":1}},
"/Users/jdianes/Documents/workspace/tsi-cloud-portal-app/src/app/home/directives/x-large.ts":{"path":"/Users/jdianes/Documents/workspace/tsi-cloud-portal-app/src/app/home/directives/x-large.ts","s":{"1":1,"2":1,"3":1,"4":1,"5":1,"6":1,"7":1},"b":{},"f":{"1":1,"2":1},"fnMap":{"1":{"name":"(anonymous_1)","line":2,"loc":{"start":{"line":2,"column":14},"end":{"line":2,"column":26}}},"2":{"name":"XLarge","line":3,"loc":{"start":{"line":3,"column":4},"end":{"line":3,"column":39}}}},"statementMap":{"1":{"start":{"line":1,"column":0},"end":{"line":1,"column":38}},"2":{"start":{"line":2,"column":0},"end":{"line":13,"column":5}},"3":{"start":{"line":3,"column":4},"end":{"line":5,"column":5}},"4":{"start":{"line":4,"column":8},"end":{"line":4,"column":79}},"5":{"start":{"line":6,"column":4},"end":{"line":11,"column":15}},"6":{"start":{"line":12,"column":4},"end":{"line":12,"column":18}},"7":{"start":{"line":14,"column":0},"end":{"line":14,"column":24}}},"branchMap":{},"code":["var core_1 = require('angular2/core');","var XLarge = (function () {","    function XLarge(element, renderer) {","        renderer.setElementStyle(element.nativeElement, 'fontSize', 'x-large');","    }","    XLarge = __decorate([","        core_1.Directive({","            selector: '[x-large]'","        }), ","        __metadata('design:paramtypes', [core_1.ElementRef, core_1.Renderer])","    ], XLarge);","    return XLarge;","})();","exports.XLarge = XLarge;",""],"l":{"1":1,"2":1,"3":1,"4":1,"6":1,"12":1,"14":1}},
"/Users/jdianes/Documents/workspace/tsi-cloud-portal-app/src/app/about/about.ts":{"path":"/Users/jdianes/Documents/workspace/tsi-cloud-portal-app/src/app/about/about.ts","s":{"1":1,"2":1,"3":1,"4":1,"5":0,"6":1,"7":1,"8":1},"b":{},"f":{"1":1,"2":0,"3":0},"fnMap":{"1":{"name":"(anonymous_1)","line":2,"loc":{"start":{"line":2,"column":13},"end":{"line":2,"column":25}}},"2":{"name":"About","line":3,"loc":{"start":{"line":3,"column":4},"end":{"line":3,"column":21}}},"3":{"name":"(anonymous_3)","line":5,"loc":{"start":{"line":5,"column":31},"end":{"line":5,"column":43}}}},"statementMap":{"1":{"start":{"line":1,"column":0},"end":{"line":1,"column":38}},"2":{"start":{"line":2,"column":0},"end":{"line":17,"column":5}},"3":{"start":{"line":3,"column":4},"end":{"line":4,"column":5}},"4":{"start":{"line":5,"column":4},"end":{"line":7,"column":6}},"5":{"start":{"line":6,"column":8},"end":{"line":6,"column":47}},"6":{"start":{"line":8,"column":4},"end":{"line":15,"column":14}},"7":{"start":{"line":16,"column":4},"end":{"line":16,"column":17}},"8":{"start":{"line":18,"column":0},"end":{"line":18,"column":22}}},"branchMap":{},"code":["var core_1 = require('angular2/core');","var About = (function () {","    function About() {","    }","    About.prototype.ngOnInit = function () {","        console.log('hello *About* component');","    };","    About = __decorate([","        core_1.Component({","            selector: 'about',","            styles: [require('./about.css')],","            template: require('./about.html')","        }), ","        __metadata('design:paramtypes', [])","    ], About);","    return About;","})();","exports.About = About;",""],"l":{"1":1,"2":1,"3":1,"5":1,"6":0,"8":1,"16":1,"18":1}},
"/Users/jdianes/Documents/workspace/tsi-cloud-portal-app/src/app/repository/repository.ts":{"path":"/Users/jdianes/Documents/workspace/tsi-cloud-portal-app/src/app/repository/repository.ts","s":{"1":1,"2":1,"3":1,"4":2,"5":1,"6":1,"7":1,"8":1,"9":1},"b":{},"f":{"1":1,"2":2,"3":1},"fnMap":{"1":{"name":"(anonymous_1)","line":2,"loc":{"start":{"line":2,"column":18},"end":{"line":2,"column":30}}},"2":{"name":"Repository","line":3,"loc":{"start":{"line":3,"column":4},"end":{"line":3,"column":26}}},"3":{"name":"(anonymous_3)","line":6,"loc":{"start":{"line":6,"column":36},"end":{"line":6,"column":48}}}},"statementMap":{"1":{"start":{"line":1,"column":0},"end":{"line":1,"column":38}},"2":{"start":{"line":2,"column":0},"end":{"line":21,"column":5}},"3":{"start":{"line":3,"column":4},"end":{"line":5,"column":5}},"4":{"start":{"line":4,"column":8},"end":{"line":4,"column":34}},"5":{"start":{"line":6,"column":4},"end":{"line":8,"column":6}},"6":{"start":{"line":7,"column":8},"end":{"line":7,"column":52}},"7":{"start":{"line":9,"column":4},"end":{"line":19,"column":19}},"8":{"start":{"line":20,"column":4},"end":{"line":20,"column":22}},"9":{"start":{"line":22,"column":0},"end":{"line":22,"column":32}}},"branchMap":{},"code":["var core_1 = require('angular2/core');","var Repository = (function () {","    function Repository() {","        this.data = { value: '' };","    }","    Repository.prototype.ngOnInit = function () {","        console.log('hello `Repository` component');","    };","    Repository = __decorate([","        core_1.Component({","            selector: 'repository',","            providers: [],","            directives: [],","            pipes: [],","            styles: [require('./repository.css')],","            template: require('./repository.html')","        }), ","        __metadata('design:paramtypes', [])","    ], Repository);","    return Repository;","})();","exports.Repository = Repository;",""],"l":{"1":1,"2":1,"3":1,"4":2,"6":1,"7":1,"9":1,"20":1,"22":1}},
"/Users/jdianes/Documents/workspace/tsi-cloud-portal-app/src/app/deployments/deployments.ts":{"path":"/Users/jdianes/Documents/workspace/tsi-cloud-portal-app/src/app/deployments/deployments.ts","s":{"1":1,"2":1,"3":1,"4":2,"5":1,"6":1,"7":1,"8":1,"9":1},"b":{},"f":{"1":1,"2":2,"3":1},"fnMap":{"1":{"name":"(anonymous_1)","line":2,"loc":{"start":{"line":2,"column":19},"end":{"line":2,"column":31}}},"2":{"name":"Deployments","line":3,"loc":{"start":{"line":3,"column":4},"end":{"line":3,"column":27}}},"3":{"name":"(anonymous_3)","line":6,"loc":{"start":{"line":6,"column":37},"end":{"line":6,"column":49}}}},"statementMap":{"1":{"start":{"line":1,"column":0},"end":{"line":1,"column":38}},"2":{"start":{"line":2,"column":0},"end":{"line":21,"column":5}},"3":{"start":{"line":3,"column":4},"end":{"line":5,"column":5}},"4":{"start":{"line":4,"column":8},"end":{"line":4,"column":34}},"5":{"start":{"line":6,"column":4},"end":{"line":8,"column":6}},"6":{"start":{"line":7,"column":8},"end":{"line":7,"column":53}},"7":{"start":{"line":9,"column":4},"end":{"line":19,"column":20}},"8":{"start":{"line":20,"column":4},"end":{"line":20,"column":23}},"9":{"start":{"line":22,"column":0},"end":{"line":22,"column":34}}},"branchMap":{},"code":["var core_1 = require('angular2/core');","var Deployments = (function () {","    function Deployments() {","        this.data = { value: '' };","    }","    Deployments.prototype.ngOnInit = function () {","        console.log('hello `Deployments` component');","    };","    Deployments = __decorate([","        core_1.Component({","            selector: 'deployments',","            providers: [],","            directives: [],","            pipes: [],","            styles: [require('./deployments.css')],","            template: require('./deployments.html')","        }), ","        __metadata('design:paramtypes', [])","    ], Deployments);","    return Deployments;","})();","exports.Deployments = Deployments;",""],"l":{"1":1,"2":1,"3":1,"4":2,"6":1,"7":1,"9":1,"20":1,"22":1}},
"/Users/jdianes/Documents/workspace/tsi-cloud-portal-app/src/app/login/logout.ts":{"path":"/Users/jdianes/Documents/workspace/tsi-cloud-portal-app/src/app/login/logout.ts","s":{"1":1,"2":1,"3":1,"4":1,"5":1,"6":0,"7":0,"8":0,"9":1,"10":0,"11":0,"12":1,"13":1,"14":1},"b":{},"f":{"1":1,"2":0,"3":0},"fnMap":{"1":{"name":"(anonymous_1)","line":4,"loc":{"start":{"line":4,"column":14},"end":{"line":4,"column":26}}},"2":{"name":"Logout","line":5,"loc":{"start":{"line":5,"column":4},"end":{"line":5,"column":34}}},"3":{"name":"(anonymous_3)","line":10,"loc":{"start":{"line":10,"column":32},"end":{"line":10,"column":44}}}},"statementMap":{"1":{"start":{"line":1,"column":0},"end":{"line":1,"column":38}},"2":{"start":{"line":2,"column":0},"end":{"line":2,"column":42}},"3":{"start":{"line":3,"column":0},"end":{"line":3,"column":76}},"4":{"start":{"line":4,"column":0},"end":{"line":26,"column":5}},"5":{"start":{"line":5,"column":4},"end":{"line":9,"column":5}},"6":{"start":{"line":6,"column":8},"end":{"line":6,"column":29}},"7":{"start":{"line":7,"column":8},"end":{"line":7,"column":25}},"8":{"start":{"line":8,"column":8},"end":{"line":8,"column":25}},"9":{"start":{"line":10,"column":4},"end":{"line":13,"column":6}},"10":{"start":{"line":11,"column":8},"end":{"line":11,"column":47}},"11":{"start":{"line":12,"column":8},"end":{"line":12,"column":27}},"12":{"start":{"line":14,"column":4},"end":{"line":24,"column":15}},"13":{"start":{"line":25,"column":4},"end":{"line":25,"column":18}},"14":{"start":{"line":27,"column":0},"end":{"line":27,"column":24}}},"branchMap":{},"code":["var core_1 = require('angular2/core');","var router_1 = require('angular2/router');","var authentication_1 = require('../services/authentication/authentication');","var Logout = (function () {","    function Logout(router, auth) {","        this.router = router;","        this.auth = null;","        this.auth = auth;","    }","    Logout.prototype.ngOnInit = function () {","        console.log('hello *Login* component');","        this.auth.logout();","    };","    Logout = __decorate([","        core_1.Component({","            selector: 'logout',","            providers: [","                authentication_1.Authentication","            ],","            styles: [require('./login.css')],","            template: require('./logout.html')","        }), ","        __metadata('design:paramtypes', [router_1.Router, authentication_1.Authentication])","    ], Logout);","    return Logout;","})();","exports.Logout = Logout;",""],"l":{"1":1,"2":1,"3":1,"4":1,"5":1,"6":0,"7":0,"8":0,"10":1,"11":0,"12":0,"14":1,"25":1,"27":1}},
"/Users/jdianes/Documents/workspace/tsi-cloud-portal-app/src/app/services/authentication/authentication.ts":{"path":"/Users/jdianes/Documents/workspace/tsi-cloud-portal-app/src/app/services/authentication/authentication.ts","s":{"1":1,"2":1,"3":1,"4":1,"5":1,"6":1,"7":1,"8":1,"9":1,"10":1,"11":0,"12":1,"13":0,"14":1,"15":0,"16":0,"17":0,"18":0,"19":0,"20":0,"21":0,"22":0,"23":0,"24":0,"25":0,"26":0,"27":1,"28":0,"29":0,"30":0,"31":0,"32":0,"33":1,"34":0,"35":0,"36":0,"37":1,"38":1,"39":1},"b":{"1":[0,0]},"f":{"1":1,"2":1,"3":0,"4":0,"5":0,"6":0,"7":0,"8":0,"9":0,"10":0,"11":0},"fnMap":{"1":{"name":"(anonymous_1)","line":4,"loc":{"start":{"line":4,"column":22},"end":{"line":4,"column":34}}},"2":{"name":"Authentication","line":5,"loc":{"start":{"line":5,"column":4},"end":{"line":5,"column":42}}},"3":{"name":"(anonymous_3)","line":11,"loc":{"start":{"line":11,"column":38},"end":{"line":11,"column":50}}},"4":{"name":"(anonymous_4)","line":14,"loc":{"start":{"line":14,"column":39},"end":{"line":14,"column":51}}},"5":{"name":"(anonymous_5)","line":17,"loc":{"start":{"line":17,"column":37},"end":{"line":17,"column":67}}},"6":{"name":"(anonymous_6)","line":26,"loc":{"start":{"line":26,"column":17},"end":{"line":26,"column":32}}},"7":{"name":"(anonymous_7)","line":27,"loc":{"start":{"line":27,"column":23},"end":{"line":27,"column":39}}},"8":{"name":"(anonymous_8)","line":30,"loc":{"start":{"line":30,"column":11},"end":{"line":30,"column":26}}},"9":{"name":"(anonymous_9)","line":33,"loc":{"start":{"line":33,"column":11},"end":{"line":33,"column":23}}},"10":{"name":"(anonymous_10)","line":37,"loc":{"start":{"line":37,"column":46},"end":{"line":37,"column":86}}},"11":{"name":"(anonymous_11)","line":45,"loc":{"start":{"line":45,"column":38},"end":{"line":45,"column":50}}}},"statementMap":{"1":{"start":{"line":1,"column":0},"end":{"line":1,"column":38}},"2":{"start":{"line":2,"column":0},"end":{"line":2,"column":38}},"3":{"start":{"line":3,"column":0},"end":{"line":3,"column":42}},"4":{"start":{"line":4,"column":0},"end":{"line":55,"column":5}},"5":{"start":{"line":5,"column":4},"end":{"line":10,"column":5}},"6":{"start":{"line":6,"column":8},"end":{"line":6,"column":29}},"7":{"start":{"line":7,"column":8},"end":{"line":7,"column":25}},"8":{"start":{"line":8,"column":8},"end":{"line":8,"column":30}},"9":{"start":{"line":9,"column":8},"end":{"line":9,"column":60}},"10":{"start":{"line":11,"column":4},"end":{"line":13,"column":6}},"11":{"start":{"line":12,"column":8},"end":{"line":12,"column":34}},"12":{"start":{"line":14,"column":4},"end":{"line":16,"column":6}},"13":{"start":{"line":15,"column":8},"end":{"line":15,"column":32}},"14":{"start":{"line":17,"column":4},"end":{"line":36,"column":6}},"15":{"start":{"line":18,"column":8},"end":{"line":18,"column":25}},"16":{"start":{"line":19,"column":8},"end":{"line":19,"column":43}},"17":{"start":{"line":20,"column":8},"end":{"line":20,"column":84}},"18":{"start":{"line":21,"column":8},"end":{"line":21,"column":53}},"19":{"start":{"line":22,"column":8},"end":{"line":22,"column":59}},"20":{"start":{"line":23,"column":8},"end":{"line":35,"column":11}},"21":{"start":{"line":26,"column":34},"end":{"line":26,"column":52}},"22":{"start":{"line":28,"column":12},"end":{"line":28,"column":59}},"23":{"start":{"line":29,"column":12},"end":{"line":29,"column":55}},"24":{"start":{"line":31,"column":12},"end":{"line":31,"column":29}},"25":{"start":{"line":32,"column":12},"end":{"line":32,"column":56}},"26":{"start":{"line":34,"column":12},"end":{"line":34,"column":51}},"27":{"start":{"line":37,"column":4},"end":{"line":44,"column":6}},"28":{"start":{"line":38,"column":8},"end":{"line":38,"column":49}},"29":{"start":{"line":39,"column":8},"end":{"line":43,"column":9}},"30":{"start":{"line":40,"column":12},"end":{"line":40,"column":55}},"31":{"start":{"line":41,"column":12},"end":{"line":41,"column":55}},"32":{"start":{"line":42,"column":12},"end":{"line":42,"column":40}},"33":{"start":{"line":45,"column":4},"end":{"line":49,"column":6}},"34":{"start":{"line":46,"column":8},"end":{"line":46,"column":44}},"35":{"start":{"line":47,"column":8},"end":{"line":47,"column":44}},"36":{"start":{"line":48,"column":8},"end":{"line":48,"column":32}},"37":{"start":{"line":50,"column":4},"end":{"line":53,"column":23}},"38":{"start":{"line":54,"column":4},"end":{"line":54,"column":26}},"39":{"start":{"line":56,"column":0},"end":{"line":56,"column":40}}},"branchMap":{"1":{"line":39,"type":"if","locations":[{"start":{"line":39,"column":8},"end":{"line":39,"column":8}},{"start":{"line":39,"column":8},"end":{"line":39,"column":8}}]}},"code":["var core_1 = require('angular2/core');","var http_1 = require('angular2/http');","var router_1 = require('angular2/router');","var Authentication = (function () {","    function Authentication(router, http) {","        this.router = router;","        this.http = http;","        this.currentUser = {};","        this.currentUser = localStorage.getItem('username');","    }","    Authentication.prototype.isAuth = function () {","        return !!this.currentUser;","    };","    Authentication.prototype.getUser = function () {","        return this.currentUser;","    };","    Authentication.prototype.login = function (username, password) {","        var _this = this;","        var headers = new http_1.Headers();","        headers.append('Authorization', 'Basic ' + btoa(username + ':' + password));","        headers.append('Accept', 'application/json');","        headers.append('Content-Type', 'application/json');","        return this.http.get('http://localhost:8080/account/' + username, {","            headers: headers","        })","            .map(function (res) { return res.json(); })","            .subscribe(function (data) {","            _this.setCredentials(data, username, password);","            _this.router.parent.navigateByUrl('/home');","        }, function (err) {","            console.log(err);","            _this.router.parent.navigateByUrl('/login');","        }, function () {","            console.log('Authentication Complete');","        });","    };","    Authentication.prototype.setCredentials = function (userData, username, password) {","        console.log('User data is %O', userData);","        if (userData) {","            localStorage.setItem('username', username);","            localStorage.setItem('password', password);","            this.currentUser = username;","        }","    };","    Authentication.prototype.logout = function () {","        localStorage.removeItem('username');","        localStorage.removeItem('password');","        this.currentUser = null;","    };","    Authentication = __decorate([","        core_1.Injectable(), ","        __metadata('design:paramtypes', [router_1.Router, http_1.Http])","    ], Authentication);","    return Authentication;","})();","exports.Authentication = Authentication;",""],"l":{"1":1,"2":1,"3":1,"4":1,"5":1,"6":1,"7":1,"8":1,"9":1,"11":1,"12":0,"14":1,"15":0,"17":1,"18":0,"19":0,"20":0,"21":0,"22":0,"23":0,"26":0,"28":0,"29":0,"31":0,"32":0,"34":0,"37":1,"38":0,"39":0,"40":0,"41":0,"42":0,"45":1,"46":0,"47":0,"48":0,"50":1,"54":1,"56":1}},
"/Users/jdianes/Documents/workspace/tsi-cloud-portal-app/src/app/profile/profile.ts":{"path":"/Users/jdianes/Documents/workspace/tsi-cloud-portal-app/src/app/profile/profile.ts","s":{"1":1,"2":1,"3":1,"4":1,"5":0,"6":0,"7":0,"8":0,"9":1,"10":0,"11":1,"12":1,"13":1},"b":{},"f":{"1":1,"2":0,"3":0},"fnMap":{"1":{"name":"(anonymous_1)","line":3,"loc":{"start":{"line":3,"column":15},"end":{"line":3,"column":27}}},"2":{"name":"Profile","line":4,"loc":{"start":{"line":4,"column":4},"end":{"line":4,"column":27}}},"3":{"name":"(anonymous_3)","line":10,"loc":{"start":{"line":10,"column":33},"end":{"line":10,"column":45}}}},"statementMap":{"1":{"start":{"line":1,"column":0},"end":{"line":1,"column":38}},"2":{"start":{"line":2,"column":0},"end":{"line":2,"column":76}},"3":{"start":{"line":3,"column":0},"end":{"line":22,"column":5}},"4":{"start":{"line":4,"column":4},"end":{"line":9,"column":5}},"5":{"start":{"line":5,"column":8},"end":{"line":5,"column":25}},"6":{"start":{"line":6,"column":8},"end":{"line":6,"column":32}},"7":{"start":{"line":7,"column":8},"end":{"line":7,"column":25}},"8":{"start":{"line":8,"column":8},"end":{"line":8,"column":42}},"9":{"start":{"line":10,"column":4},"end":{"line":12,"column":6}},"10":{"start":{"line":11,"column":8},"end":{"line":11,"column":49}},"11":{"start":{"line":13,"column":4},"end":{"line":20,"column":16}},"12":{"start":{"line":21,"column":4},"end":{"line":21,"column":19}},"13":{"start":{"line":23,"column":0},"end":{"line":23,"column":26}}},"branchMap":{},"code":["var core_1 = require('angular2/core');","var authentication_1 = require('../services/authentication/authentication');","var Profile = (function () {","    function Profile(auth) {","        this.auth = null;","        this.currentUser = null;","        this.auth = auth;","        this.currentUser = auth.getUser();","    }","    Profile.prototype.ngOnInit = function () {","        console.log('hello *Profile* component');","    };","    Profile = __decorate([","        core_1.Component({","            selector: 'profile',","            styles: [require('./profile.css')],","            template: require('./profile.html')","        }), ","        __metadata('design:paramtypes', [authentication_1.Authentication])","    ], Profile);","    return Profile;","})();","exports.Profile = Profile;",""],"l":{"1":1,"2":1,"3":1,"4":1,"5":0,"6":0,"7":0,"8":0,"10":1,"11":0,"13":1,"21":1,"23":1}}}
