{
"/Users/jdianes/Documents/workspace/tsi-cloud-portal-app/src/app/app.ts":{"path":"/Users/jdianes/Documents/workspace/tsi-cloud-portal-app/src/app/app.ts","s":{"1":1,"2":1,"3":1,"4":1,"5":1,"6":1,"7":1,"8":1,"9":1,"10":1,"11":1,"12":1,"13":1,"14":1,"15":0,"16":1,"17":1},"b":{},"f":{"1":1,"2":1,"3":0},"fnMap":{"1":{"name":"(anonymous_1)","line":9,"loc":{"start":{"line":9,"column":11},"end":{"line":9,"column":23}}},"2":{"name":"App","line":10,"loc":{"start":{"line":10,"column":4},"end":{"line":10,"column":19}}},"3":{"name":"(anonymous_3)","line":29,"loc":{"start":{"line":29,"column":38},"end":{"line":29,"column":50}}}},"statementMap":{"1":{"start":{"line":1,"column":0},"end":{"line":1,"column":38}},"2":{"start":{"line":2,"column":0},"end":{"line":2,"column":42}},"3":{"start":{"line":3,"column":0},"end":{"line":3,"column":42}},"4":{"start":{"line":4,"column":0},"end":{"line":4,"column":60}},"5":{"start":{"line":5,"column":0},"end":{"line":5,"column":36}},"6":{"start":{"line":6,"column":0},"end":{"line":6,"column":54}},"7":{"start":{"line":7,"column":0},"end":{"line":7,"column":57}},"8":{"start":{"line":8,"column":0},"end":{"line":8,"column":45}},"9":{"start":{"line":9,"column":0},"end":{"line":36,"column":5}},"10":{"start":{"line":10,"column":4},"end":{"line":14,"column":5}},"11":{"start":{"line":11,"column":8},"end":{"line":11,"column":58}},"12":{"start":{"line":12,"column":8},"end":{"line":12,"column":39}},"13":{"start":{"line":13,"column":8},"end":{"line":13,"column":53}},"14":{"start":{"line":15,"column":4},"end":{"line":34,"column":12}},"15":{"start":{"line":29,"column":52},"end":{"line":29,"column":93}},"16":{"start":{"line":35,"column":4},"end":{"line":35,"column":15}},"17":{"start":{"line":37,"column":0},"end":{"line":37,"column":18}}},"branchMap":{},"code":["var core_1 = require('angular2/core');","var router_1 = require('angular2/router');","var common_1 = require('angular2/common');","var router_active_1 = require('./directives/router-active');","var home_1 = require('./home/home');","var repository_1 = require('./repository/repository');","var deployments_1 = require('./deployments/deployments');","var profile_1 = require('./profile/profile');","var App = (function () {","    function App() {","        this.emblebiLogo = 'assets/img/embl-ebi-logo.png';","        this.name = 'TSI Cloud Portal';","        this.url = 'https://github.com/EMBL-EBI-TSI';","    }","    App = __decorate([","        core_1.Component({","            selector: 'app',","            providers: common_1.FORM_PROVIDERS.slice(),","            directives: router_1.ROUTER_DIRECTIVES.concat([router_active_1.RouterActive]),","            pipes: [],","            styles: [\"\\n    nav ul {\\n      display: inline;\\n      list-style-type: none;\\n      margin: 0;\\n      padding: 0;\\n      width: 60px;\\n    }\\n    nav li {\\n      display: inline;\\n    }\\n    nav li.active {\\n      background-color: lightgray;\\n    }\\n  \"],","            template: \"\\n    <header>\\n      <nav>\\n        <h1>{{ name }}</h1>\\n        <ul>\\n          <li router-active>\\n            <a [routerLink]=\\\" ['Index'] \\\">Index</a>\\n          </li>\\n          <li router-active>\\n            <a [routerLink]=\\\" ['Home'] \\\">Home</a>\\n          </li>\\n          <li router-active>\\n            <a [routerLink]=\\\" ['Repository'] \\\">Repository</a>\\n          </li>\\n          <li router-active>\\n            <a [routerLink]=\\\" ['Deployments'] \\\">My Deployments</a>\\n          </li>\\n          <li router-active>\\n            <a [routerLink]=\\\" ['About'] \\\">About</a>\\n          </li>\\n          <li router-active>\\n            <a [routerLink]=\\\" ['Profile'] \\\">My Profile</a>\\n          </li>\\n        </ul>\\n      </nav>\\n    </header>\\n\\n    <main>\\n      <router-outlet></router-outlet>\\n    </main>\\n\\n    <footer>\\n      TSI Cloud Portal by <a [href]=\\\"url\\\">@EMBL-TSI</a>\\n      <div>\\n        <img [src]=\\\"emblebiLogo\\\" width=\\\"10%\\\">\\n      </div>\\n    </footer>\\n  \"","        }),","        router_1.RouteConfig([","            { path: '/', component: home_1.Home, name: 'Index' },","            { path: '/home', component: home_1.Home, name: 'Home' },","            { path: '/repository', component: repository_1.Repository, name: 'Repository' },","            { path: '/deployments', component: deployments_1.Deployments, name: 'Deployments' },","            { path: '/about', loader: function () { return require('./about/about')('About'); }, name: 'About' },","            { path: '/profile', component: profile_1.Profile, name: 'Profile' },","            { path: '/**', redirectTo: ['Index'] }","        ]), ","        __metadata('design:paramtypes', [])","    ], App);","    return App;","})();","exports.App = App;",""],"l":{"1":1,"2":1,"3":1,"4":1,"5":1,"6":1,"7":1,"8":1,"9":1,"10":1,"11":1,"12":1,"13":1,"15":1,"29":0,"35":1,"37":1}},
"/Users/jdianes/Documents/workspace/tsi-cloud-portal-app/src/app/directives/router-active.ts":{"path":"/Users/jdianes/Documents/workspace/tsi-cloud-portal-app/src/app/directives/router-active.ts","s":{"1":1,"2":1,"3":1,"4":1,"5":1,"6":1,"7":0,"8":0,"9":0,"10":0,"11":0,"12":0,"13":0,"14":1,"15":0,"16":0,"17":0,"18":0,"19":0,"20":1,"21":0,"22":1,"23":0,"24":1,"25":1,"26":1},"b":{"1":[0,0],"2":[0,0],"3":[0,0]},"f":{"1":1,"2":0,"3":0,"4":0,"5":0,"6":0},"fnMap":{"1":{"name":"(anonymous_1)","line":5,"loc":{"start":{"line":5,"column":20},"end":{"line":5,"column":32}}},"2":{"name":"RouterActive","line":6,"loc":{"start":{"line":6,"column":4},"end":{"line":6,"column":83}}},"3":{"name":"(anonymous_3)","line":15,"loc":{"start":{"line":15,"column":38},"end":{"line":15,"column":50}}},"4":{"name":"(anonymous_4)","line":17,"loc":{"start":{"line":17,"column":30},"end":{"line":17,"column":42}}},"5":{"name":"(anonymous_5)","line":24,"loc":{"start":{"line":24,"column":47},"end":{"line":24,"column":63}}},"6":{"name":"(anonymous_6)","line":27,"loc":{"start":{"line":27,"column":41},"end":{"line":27,"column":53}}}},"statementMap":{"1":{"start":{"line":1,"column":0},"end":{"line":1,"column":42}},"2":{"start":{"line":2,"column":0},"end":{"line":2,"column":49}},"3":{"start":{"line":3,"column":0},"end":{"line":3,"column":38}},"4":{"start":{"line":4,"column":0},"end":{"line":4,"column":42}},"5":{"start":{"line":5,"column":0},"end":{"line":41,"column":5}},"6":{"start":{"line":6,"column":4},"end":{"line":14,"column":5}},"7":{"start":{"line":7,"column":8},"end":{"line":7,"column":29}},"8":{"start":{"line":8,"column":8},"end":{"line":8,"column":31}},"9":{"start":{"line":9,"column":8},"end":{"line":9,"column":33}},"10":{"start":{"line":10,"column":8},"end":{"line":10,"column":37}},"11":{"start":{"line":11,"column":8},"end":{"line":11,"column":33}},"12":{"start":{"line":12,"column":8},"end":{"line":12,"column":41}},"13":{"start":{"line":13,"column":8},"end":{"line":13,"column":73}},"14":{"start":{"line":15,"column":4},"end":{"line":23,"column":6}},"15":{"start":{"line":16,"column":8},"end":{"line":16,"column":25}},"16":{"start":{"line":17,"column":8},"end":{"line":22,"column":11}},"17":{"start":{"line":18,"column":12},"end":{"line":21,"column":13}},"18":{"start":{"line":19,"column":16},"end":{"line":19,"column":66}},"19":{"start":{"line":20,"column":16},"end":{"line":20,"column":105}},"20":{"start":{"line":24,"column":4},"end":{"line":26,"column":6}},"21":{"start":{"line":25,"column":8},"end":{"line":25,"column":69}},"22":{"start":{"line":27,"column":4},"end":{"line":29,"column":6}},"23":{"start":{"line":28,"column":8},"end":{"line":28,"column":95}},"24":{"start":{"line":30,"column":4},"end":{"line":39,"column":21}},"25":{"start":{"line":40,"column":4},"end":{"line":40,"column":24}},"26":{"start":{"line":42,"column":0},"end":{"line":42,"column":36}}},"branchMap":{"1":{"line":18,"type":"if","locations":[{"start":{"line":18,"column":12},"end":{"line":18,"column":12}},{"start":{"line":18,"column":12},"end":{"line":18,"column":12}}]},"2":{"line":25,"type":"binary-expr","locations":[{"start":{"line":25,"column":39},"end":{"line":25,"column":43}},{"start":{"line":25,"column":47},"end":{"line":25,"column":68}}]},"3":{"line":28,"type":"cond-expr","locations":[{"start":{"line":28,"column":53},"end":{"line":28,"column":70}},{"start":{"line":28,"column":73},"end":{"line":28,"column":94}}]}},"code":["var router_1 = require('angular2/router');","var lang_1 = require('angular2/src/facade/lang');","var core_1 = require('angular2/core');","var router_2 = require('angular2/router');","var RouterActive = (function () {","    function RouterActive(router, element, renderer, routerLink, routerActiveAttr) {","        this.router = router;","        this.element = element;","        this.renderer = renderer;","        this.routerLink = routerLink;","        this.routerActive = null;","        this.routerActiveAttr = 'active';","        this.routerActiveAttr = this._defaultAttrValue(routerActiveAttr);","    }","    RouterActive.prototype.ngOnInit = function () {","        var _this = this;","        this.router.subscribe(function () {","            if (_this.routerLink.first) {","                var active = _this.routerLink.first.isRouteActive;","                _this.renderer.setElementClass(_this.element.nativeElement, _this._attrOrProp(), active);","            }","        });","    };","    RouterActive.prototype._defaultAttrValue = function (attr) {","        return this.routerActiveAttr = attr || this.routerActiveAttr;","    };","    RouterActive.prototype._attrOrProp = function () {","        return lang_1.isPresent(this.routerActive) ? this.routerActive : this.routerActiveAttr;","    };","    RouterActive = __decorate([","        core_1.Directive({","            selector: '[router-active], [routerActive]',","            inputs: ['routerActive']","        }),","        __param(3, core_1.Query(router_2.RouterLink)),","        __param(4, core_1.Optional()),","        __param(4, core_1.Attribute('router-active')), ","        __metadata('design:paramtypes', [router_1.Router, core_1.ElementRef, core_1.Renderer, core_1.QueryList, String])","    ], RouterActive);","    return RouterActive;","})();","exports.RouterActive = RouterActive;",""],"l":{"1":1,"2":1,"3":1,"4":1,"5":1,"6":1,"7":0,"8":0,"9":0,"10":0,"11":0,"12":0,"13":0,"15":1,"16":0,"17":0,"18":0,"19":0,"20":0,"24":1,"25":0,"27":1,"28":0,"30":1,"40":1,"42":1}},
"/Users/jdianes/Documents/workspace/tsi-cloud-portal-app/src/app/home/home.ts":{"path":"/Users/jdianes/Documents/workspace/tsi-cloud-portal-app/src/app/home/home.ts","s":{"1":1,"2":1,"3":1,"4":1,"5":1,"6":1,"7":3,"8":3,"9":1,"10":1,"11":1,"12":1,"13":1},"b":{},"f":{"1":1,"2":3,"3":1},"fnMap":{"1":{"name":"(anonymous_1)","line":5,"loc":{"start":{"line":5,"column":12},"end":{"line":5,"column":24}}},"2":{"name":"Home","line":6,"loc":{"start":{"line":6,"column":4},"end":{"line":6,"column":25}}},"3":{"name":"(anonymous_3)","line":10,"loc":{"start":{"line":10,"column":30},"end":{"line":10,"column":42}}}},"statementMap":{"1":{"start":{"line":1,"column":0},"end":{"line":1,"column":38}},"2":{"start":{"line":2,"column":0},"end":{"line":2,"column":42}},"3":{"start":{"line":3,"column":0},"end":{"line":3,"column":42}},"4":{"start":{"line":4,"column":0},"end":{"line":4,"column":48}},"5":{"start":{"line":5,"column":0},"end":{"line":29,"column":5}},"6":{"start":{"line":6,"column":4},"end":{"line":9,"column":5}},"7":{"start":{"line":7,"column":8},"end":{"line":7,"column":27}},"8":{"start":{"line":8,"column":8},"end":{"line":8,"column":34}},"9":{"start":{"line":10,"column":4},"end":{"line":12,"column":6}},"10":{"start":{"line":11,"column":8},"end":{"line":11,"column":46}},"11":{"start":{"line":13,"column":4},"end":{"line":27,"column":13}},"12":{"start":{"line":28,"column":4},"end":{"line":28,"column":16}},"13":{"start":{"line":30,"column":0},"end":{"line":30,"column":20}}},"branchMap":{},"code":["var core_1 = require('angular2/core');","var common_1 = require('angular2/common');","var title_1 = require('./services/title');","var x_large_1 = require('./directives/x-large');","var Home = (function () {","    function Home(title) {","        this.title = title;","        this.data = { value: '' };","    }","    Home.prototype.ngOnInit = function () {","        console.log('hello `Home` component');","    };","    Home = __decorate([","        core_1.Component({","            selector: 'home',","            providers: [","                title_1.Title","            ],","            directives: common_1.FORM_DIRECTIVES.concat([","                x_large_1.XLarge","            ]),","            pipes: [],","            styles: [require('./home.css')],","            template: require('./home.html')","        }), ","        __metadata('design:paramtypes', [title_1.Title])","    ], Home);","    return Home;","})();","exports.Home = Home;",""],"l":{"1":1,"2":1,"3":1,"4":1,"5":1,"6":1,"7":3,"8":3,"10":1,"11":1,"13":1,"28":1,"30":1}},
"/Users/jdianes/Documents/workspace/tsi-cloud-portal-app/src/app/home/services/title.ts":{"path":"/Users/jdianes/Documents/workspace/tsi-cloud-portal-app/src/app/home/services/title.ts","s":{"1":1,"2":1,"3":1,"4":1,"5":5,"6":5,"7":1,"8":2,"9":2,"10":1,"11":1,"12":1},"b":{},"f":{"1":1,"2":5,"3":2},"fnMap":{"1":{"name":"(anonymous_1)","line":3,"loc":{"start":{"line":3,"column":13},"end":{"line":3,"column":25}}},"2":{"name":"Title","line":4,"loc":{"start":{"line":4,"column":4},"end":{"line":4,"column":25}}},"3":{"name":"(anonymous_3)","line":8,"loc":{"start":{"line":8,"column":30},"end":{"line":8,"column":42}}}},"statementMap":{"1":{"start":{"line":1,"column":0},"end":{"line":1,"column":38}},"2":{"start":{"line":2,"column":0},"end":{"line":2,"column":38}},"3":{"start":{"line":3,"column":0},"end":{"line":19,"column":5}},"4":{"start":{"line":4,"column":4},"end":{"line":7,"column":5}},"5":{"start":{"line":5,"column":8},"end":{"line":5,"column":25}},"6":{"start":{"line":6,"column":8},"end":{"line":6,"column":33}},"7":{"start":{"line":8,"column":4},"end":{"line":13,"column":6}},"8":{"start":{"line":9,"column":8},"end":{"line":9,"column":49}},"9":{"start":{"line":10,"column":8},"end":{"line":12,"column":10}},"10":{"start":{"line":14,"column":4},"end":{"line":17,"column":14}},"11":{"start":{"line":18,"column":4},"end":{"line":18,"column":17}},"12":{"start":{"line":20,"column":0},"end":{"line":20,"column":22}}},"branchMap":{},"code":["var core_1 = require('angular2/core');","var http_1 = require('angular2/http');","var Title = (function () {","    function Title(http) {","        this.http = http;","        this.value = 'Angular 2';","    }","    Title.prototype.getData = function () {","        console.log('Title#getData(): Get Data');","        return {","            value: 'AngularClass'","        };","    };","    Title = __decorate([","        core_1.Injectable(), ","        __metadata('design:paramtypes', [http_1.Http])","    ], Title);","    return Title;","})();","exports.Title = Title;",""],"l":{"1":1,"2":1,"3":1,"4":1,"5":5,"6":5,"8":1,"9":2,"10":2,"14":1,"18":1,"20":1}},
"/Users/jdianes/Documents/workspace/tsi-cloud-portal-app/src/app/home/directives/x-large.ts":{"path":"/Users/jdianes/Documents/workspace/tsi-cloud-portal-app/src/app/home/directives/x-large.ts","s":{"1":1,"2":1,"3":1,"4":1,"5":1,"6":1,"7":1},"b":{},"f":{"1":1,"2":1},"fnMap":{"1":{"name":"(anonymous_1)","line":2,"loc":{"start":{"line":2,"column":14},"end":{"line":2,"column":26}}},"2":{"name":"XLarge","line":3,"loc":{"start":{"line":3,"column":4},"end":{"line":3,"column":39}}}},"statementMap":{"1":{"start":{"line":1,"column":0},"end":{"line":1,"column":38}},"2":{"start":{"line":2,"column":0},"end":{"line":13,"column":5}},"3":{"start":{"line":3,"column":4},"end":{"line":5,"column":5}},"4":{"start":{"line":4,"column":8},"end":{"line":4,"column":79}},"5":{"start":{"line":6,"column":4},"end":{"line":11,"column":15}},"6":{"start":{"line":12,"column":4},"end":{"line":12,"column":18}},"7":{"start":{"line":14,"column":0},"end":{"line":14,"column":24}}},"branchMap":{},"code":["var core_1 = require('angular2/core');","var XLarge = (function () {","    function XLarge(element, renderer) {","        renderer.setElementStyle(element.nativeElement, 'fontSize', 'x-large');","    }","    XLarge = __decorate([","        core_1.Directive({","            selector: '[x-large]'","        }), ","        __metadata('design:paramtypes', [core_1.ElementRef, core_1.Renderer])","    ], XLarge);","    return XLarge;","})();","exports.XLarge = XLarge;",""],"l":{"1":1,"2":1,"3":1,"4":1,"6":1,"12":1,"14":1}},
"/Users/jdianes/Documents/workspace/tsi-cloud-portal-app/src/app/repository/repository.ts":{"path":"/Users/jdianes/Documents/workspace/tsi-cloud-portal-app/src/app/repository/repository.ts","s":{"1":1,"2":1,"3":1,"4":2,"5":1,"6":1,"7":1,"8":1,"9":1},"b":{},"f":{"1":1,"2":2,"3":1},"fnMap":{"1":{"name":"(anonymous_1)","line":2,"loc":{"start":{"line":2,"column":18},"end":{"line":2,"column":30}}},"2":{"name":"Repository","line":3,"loc":{"start":{"line":3,"column":4},"end":{"line":3,"column":26}}},"3":{"name":"(anonymous_3)","line":6,"loc":{"start":{"line":6,"column":36},"end":{"line":6,"column":48}}}},"statementMap":{"1":{"start":{"line":1,"column":0},"end":{"line":1,"column":38}},"2":{"start":{"line":2,"column":0},"end":{"line":21,"column":5}},"3":{"start":{"line":3,"column":4},"end":{"line":5,"column":5}},"4":{"start":{"line":4,"column":8},"end":{"line":4,"column":34}},"5":{"start":{"line":6,"column":4},"end":{"line":8,"column":6}},"6":{"start":{"line":7,"column":8},"end":{"line":7,"column":52}},"7":{"start":{"line":9,"column":4},"end":{"line":19,"column":19}},"8":{"start":{"line":20,"column":4},"end":{"line":20,"column":22}},"9":{"start":{"line":22,"column":0},"end":{"line":22,"column":32}}},"branchMap":{},"code":["var core_1 = require('angular2/core');","var Repository = (function () {","    function Repository() {","        this.data = { value: '' };","    }","    Repository.prototype.ngOnInit = function () {","        console.log('hello `Repository` component');","    };","    Repository = __decorate([","        core_1.Component({","            selector: 'repository',","            providers: [],","            directives: [],","            pipes: [],","            styles: [require('./repository.css')],","            template: require('./repository.html')","        }), ","        __metadata('design:paramtypes', [])","    ], Repository);","    return Repository;","})();","exports.Repository = Repository;",""],"l":{"1":1,"2":1,"3":1,"4":2,"6":1,"7":1,"9":1,"20":1,"22":1}},
"/Users/jdianes/Documents/workspace/tsi-cloud-portal-app/src/app/deployments/deployments.ts":{"path":"/Users/jdianes/Documents/workspace/tsi-cloud-portal-app/src/app/deployments/deployments.ts","s":{"1":1,"2":1,"3":1,"4":2,"5":1,"6":1,"7":1,"8":1,"9":1},"b":{},"f":{"1":1,"2":2,"3":1},"fnMap":{"1":{"name":"(anonymous_1)","line":2,"loc":{"start":{"line":2,"column":19},"end":{"line":2,"column":31}}},"2":{"name":"Deployments","line":3,"loc":{"start":{"line":3,"column":4},"end":{"line":3,"column":27}}},"3":{"name":"(anonymous_3)","line":6,"loc":{"start":{"line":6,"column":37},"end":{"line":6,"column":49}}}},"statementMap":{"1":{"start":{"line":1,"column":0},"end":{"line":1,"column":38}},"2":{"start":{"line":2,"column":0},"end":{"line":21,"column":5}},"3":{"start":{"line":3,"column":4},"end":{"line":5,"column":5}},"4":{"start":{"line":4,"column":8},"end":{"line":4,"column":34}},"5":{"start":{"line":6,"column":4},"end":{"line":8,"column":6}},"6":{"start":{"line":7,"column":8},"end":{"line":7,"column":53}},"7":{"start":{"line":9,"column":4},"end":{"line":19,"column":20}},"8":{"start":{"line":20,"column":4},"end":{"line":20,"column":23}},"9":{"start":{"line":22,"column":0},"end":{"line":22,"column":34}}},"branchMap":{},"code":["var core_1 = require('angular2/core');","var Deployments = (function () {","    function Deployments() {","        this.data = { value: '' };","    }","    Deployments.prototype.ngOnInit = function () {","        console.log('hello `Deployments` component');","    };","    Deployments = __decorate([","        core_1.Component({","            selector: 'deployments',","            providers: [],","            directives: [],","            pipes: [],","            styles: [require('./deployments.css')],","            template: require('./deployments.html')","        }), ","        __metadata('design:paramtypes', [])","    ], Deployments);","    return Deployments;","})();","exports.Deployments = Deployments;",""],"l":{"1":1,"2":1,"3":1,"4":2,"6":1,"7":1,"9":1,"20":1,"22":1}},
"/Users/jdianes/Documents/workspace/tsi-cloud-portal-app/src/app/profile/profile.ts":{"path":"/Users/jdianes/Documents/workspace/tsi-cloud-portal-app/src/app/profile/profile.ts","s":{"1":1,"2":1,"3":1,"4":2,"5":1,"6":1,"7":1,"8":1,"9":1},"b":{},"f":{"1":1,"2":2,"3":1},"fnMap":{"1":{"name":"(anonymous_1)","line":2,"loc":{"start":{"line":2,"column":15},"end":{"line":2,"column":27}}},"2":{"name":"Profile","line":3,"loc":{"start":{"line":3,"column":4},"end":{"line":3,"column":23}}},"3":{"name":"(anonymous_3)","line":6,"loc":{"start":{"line":6,"column":33},"end":{"line":6,"column":45}}}},"statementMap":{"1":{"start":{"line":1,"column":0},"end":{"line":1,"column":38}},"2":{"start":{"line":2,"column":0},"end":{"line":21,"column":5}},"3":{"start":{"line":3,"column":4},"end":{"line":5,"column":5}},"4":{"start":{"line":4,"column":8},"end":{"line":4,"column":34}},"5":{"start":{"line":6,"column":4},"end":{"line":8,"column":6}},"6":{"start":{"line":7,"column":8},"end":{"line":7,"column":49}},"7":{"start":{"line":9,"column":4},"end":{"line":19,"column":16}},"8":{"start":{"line":20,"column":4},"end":{"line":20,"column":19}},"9":{"start":{"line":22,"column":0},"end":{"line":22,"column":26}}},"branchMap":{},"code":["var core_1 = require('angular2/core');","var Profile = (function () {","    function Profile() {","        this.data = { value: '' };","    }","    Profile.prototype.ngOnInit = function () {","        console.log('hello *Profile* component');","    };","    Profile = __decorate([","        core_1.Component({","            selector: 'profile',","            providers: [],","            directives: [],","            pipes: [],","            styles: [require('./profile.css')],","            template: require('./profile.html')","        }), ","        __metadata('design:paramtypes', [])","    ], Profile);","    return Profile;","})();","exports.Profile = Profile;",""],"l":{"1":1,"2":1,"3":1,"4":2,"6":1,"7":1,"9":1,"20":1,"22":1}}}
